<?xml version="1.0" encoding="UTF-8"?>
<testsuite xmlns:xsi="http://www.w3.org/2001/XMLSchema-instance" xsi:noNamespaceSchemaLocation="https://maven.apache.org/surefire/maven-surefire-plugin/xsd/surefire-test-report-3.0.xsd" version="3.0" name="com.abhi.hibernate.AppTest" time="0.01" tests="1" errors="0" skipped="0" failures="0">
  <properties>
    <property name="java.specification.version" value="17"/>
    <property name="sun.jnu.encoding" value="UTF-8"/>
    <property name="java.class.path" value="/Users/abhisheksable/Documents/workspace-spring-tool-suite-4-4.21.0.RELEASE/hibernate-first-project/target/test-classes:/Users/abhisheksable/Documents/workspace-spring-tool-suite-4-4.21.0.RELEASE/hibernate-first-project/target/classes:/Users/abhisheksable/Documents/workspace-spring-tool-suite-4-4.21.0.RELEASE/hibernate-first-project/Users/abhisheksable/.m2/respository/org/hibernate/orm/hibernate-core/6.6.1.Final/hibernate-core-6.6.1.Final.jar:/Users/abhisheksable/Documents/workspace-spring-tool-suite-4-4.21.0.RELEASE/hibernate-first-project/Users/abhisheksable/.m2/respository/jakarta/persistence/jakarta.persistence-api/3.1.0/jakarta.persistence-api-3.1.0.jar:/Users/abhisheksable/Documents/workspace-spring-tool-suite-4-4.21.0.RELEASE/hibernate-first-project/Users/abhisheksable/.m2/respository/jakarta/transaction/jakarta.transaction-api/2.0.1/jakarta.transaction-api-2.0.1.jar:/Users/abhisheksable/Documents/workspace-spring-tool-suite-4-4.21.0.RELEASE/hibernate-first-project/Users/abhisheksable/.m2/respository/org/hibernate/common/hibernate-commons-annotations/7.0.1.Final/hibernate-commons-annotations-7.0.1.Final.jar:/Users/abhisheksable/Documents/workspace-spring-tool-suite-4-4.21.0.RELEASE/hibernate-first-project/Users/abhisheksable/.m2/respository/io/smallrye/jandex/3.2.0/jandex-3.2.0.jar:/Users/abhisheksable/Documents/workspace-spring-tool-suite-4-4.21.0.RELEASE/hibernate-first-project/Users/abhisheksable/.m2/respository/com/fasterxml/classmate/1.5.1/classmate-1.5.1.jar:/Users/abhisheksable/Documents/workspace-spring-tool-suite-4-4.21.0.RELEASE/hibernate-first-project/Users/abhisheksable/.m2/respository/net/bytebuddy/byte-buddy/1.14.18/byte-buddy-1.14.18.jar:/Users/abhisheksable/Documents/workspace-spring-tool-suite-4-4.21.0.RELEASE/hibernate-first-project/Users/abhisheksable/.m2/respository/jakarta/xml/bind/jakarta.xml.bind-api/4.0.0/jakarta.xml.bind-api-4.0.0.jar:/Users/abhisheksable/Documents/workspace-spring-tool-suite-4-4.21.0.RELEASE/hibernate-first-project/Users/abhisheksable/.m2/respository/jakarta/activation/jakarta.activation-api/2.1.0/jakarta.activation-api-2.1.0.jar:/Users/abhisheksable/Documents/workspace-spring-tool-suite-4-4.21.0.RELEASE/hibernate-first-project/Users/abhisheksable/.m2/respository/org/glassfish/jaxb/jaxb-runtime/4.0.2/jaxb-runtime-4.0.2.jar:/Users/abhisheksable/Documents/workspace-spring-tool-suite-4-4.21.0.RELEASE/hibernate-first-project/Users/abhisheksable/.m2/respository/org/glassfish/jaxb/jaxb-core/4.0.2/jaxb-core-4.0.2.jar:/Users/abhisheksable/Documents/workspace-spring-tool-suite-4-4.21.0.RELEASE/hibernate-first-project/Users/abhisheksable/.m2/respository/org/eclipse/angus/angus-activation/2.0.0/angus-activation-2.0.0.jar:/Users/abhisheksable/Documents/workspace-spring-tool-suite-4-4.21.0.RELEASE/hibernate-first-project/Users/abhisheksable/.m2/respository/org/glassfish/jaxb/txw2/4.0.2/txw2-4.0.2.jar:/Users/abhisheksable/Documents/workspace-spring-tool-suite-4-4.21.0.RELEASE/hibernate-first-project/Users/abhisheksable/.m2/respository/com/sun/istack/istack-commons-runtime/4.1.1/istack-commons-runtime-4.1.1.jar:/Users/abhisheksable/Documents/workspace-spring-tool-suite-4-4.21.0.RELEASE/hibernate-first-project/Users/abhisheksable/.m2/respository/jakarta/inject/jakarta.inject-api/2.0.1/jakarta.inject-api-2.0.1.jar:/Users/abhisheksable/Documents/workspace-spring-tool-suite-4-4.21.0.RELEASE/hibernate-first-project/Users/abhisheksable/.m2/respository/org/antlr/antlr4-runtime/4.13.0/antlr4-runtime-4.13.0.jar:/Users/abhisheksable/Documents/workspace-spring-tool-suite-4-4.21.0.RELEASE/hibernate-first-project/Users/abhisheksable/.m2/respository/com/mysql/mysql-connector-j/9.1.0/mysql-connector-j-9.1.0.jar:/Users/abhisheksable/Documents/workspace-spring-tool-suite-4-4.21.0.RELEASE/hibernate-first-project/Users/abhisheksable/.m2/respository/com/google/protobuf/protobuf-java/4.26.1/protobuf-java-4.26.1.jar:/Users/abhisheksable/Documents/workspace-spring-tool-suite-4-4.21.0.RELEASE/hibernate-first-project/Users/abhisheksable/.m2/respository/log4j/log4j/1.2.17/log4j-1.2.17.jar:/Users/abhisheksable/Documents/workspace-spring-tool-suite-4-4.21.0.RELEASE/hibernate-first-project/Users/abhisheksable/.m2/respository/org/jboss/logging/jboss-logging/3.3.2.Final/jboss-logging-3.3.2.Final.jar:/Users/abhisheksable/Documents/workspace-spring-tool-suite-4-4.21.0.RELEASE/hibernate-first-project/Users/abhisheksable/.m2/respository/junit/junit/3.8.1/junit-3.8.1.jar:"/>
    <property name="java.vm.vendor" value="Eclipse Adoptium"/>
    <property name="sun.arch.data.model" value="64"/>
    <property name="java.vendor.url" value="https://adoptium.net/"/>
    <property name="os.name" value="Mac OS X"/>
    <property name="java.vm.specification.version" value="17"/>
    <property name="sun.java.launcher" value="SUN_STANDARD"/>
    <property name="user.country" value="IN"/>
    <property name="sun.boot.library.path" value="/Applications/SpringToolSuite4.app/Contents/Eclipse/plugins/org.eclipse.justj.openjdk.hotspot.jre.full.macosx.aarch64_17.0.9.v20231028-0858/jre/lib"/>
    <property name="sun.java.command" value="/Users/abhisheksable/Documents/workspace-spring-tool-suite-4-4.21.0.RELEASE/hibernate-first-project/target/surefire/surefirebooter-20241205162732091_3.jar /Users/abhisheksable/Documents/workspace-spring-tool-suite-4-4.21.0.RELEASE/hibernate-first-project/target/surefire 2024-12-05T16-27-29_401-jvmRun1 surefire-20241205162732091_1tmp surefire_0-20241205162732091_2tmp"/>
    <property name="http.nonProxyHosts" value="local|*.local|169.254/16|*.169.254/16"/>
    <property name="jdk.debug" value="release"/>
    <property name="surefire.test.class.path" value="/Users/abhisheksable/Documents/workspace-spring-tool-suite-4-4.21.0.RELEASE/hibernate-first-project/target/test-classes:/Users/abhisheksable/Documents/workspace-spring-tool-suite-4-4.21.0.RELEASE/hibernate-first-project/target/classes:/Users/abhisheksable/Documents/workspace-spring-tool-suite-4-4.21.0.RELEASE/hibernate-first-project/Users/abhisheksable/.m2/respository/org/hibernate/orm/hibernate-core/6.6.1.Final/hibernate-core-6.6.1.Final.jar:/Users/abhisheksable/Documents/workspace-spring-tool-suite-4-4.21.0.RELEASE/hibernate-first-project/Users/abhisheksable/.m2/respository/jakarta/persistence/jakarta.persistence-api/3.1.0/jakarta.persistence-api-3.1.0.jar:/Users/abhisheksable/Documents/workspace-spring-tool-suite-4-4.21.0.RELEASE/hibernate-first-project/Users/abhisheksable/.m2/respository/jakarta/transaction/jakarta.transaction-api/2.0.1/jakarta.transaction-api-2.0.1.jar:/Users/abhisheksable/Documents/workspace-spring-tool-suite-4-4.21.0.RELEASE/hibernate-first-project/Users/abhisheksable/.m2/respository/org/hibernate/common/hibernate-commons-annotations/7.0.1.Final/hibernate-commons-annotations-7.0.1.Final.jar:/Users/abhisheksable/Documents/workspace-spring-tool-suite-4-4.21.0.RELEASE/hibernate-first-project/Users/abhisheksable/.m2/respository/io/smallrye/jandex/3.2.0/jandex-3.2.0.jar:/Users/abhisheksable/Documents/workspace-spring-tool-suite-4-4.21.0.RELEASE/hibernate-first-project/Users/abhisheksable/.m2/respository/com/fasterxml/classmate/1.5.1/classmate-1.5.1.jar:/Users/abhisheksable/Documents/workspace-spring-tool-suite-4-4.21.0.RELEASE/hibernate-first-project/Users/abhisheksable/.m2/respository/net/bytebuddy/byte-buddy/1.14.18/byte-buddy-1.14.18.jar:/Users/abhisheksable/Documents/workspace-spring-tool-suite-4-4.21.0.RELEASE/hibernate-first-project/Users/abhisheksable/.m2/respository/jakarta/xml/bind/jakarta.xml.bind-api/4.0.0/jakarta.xml.bind-api-4.0.0.jar:/Users/abhisheksable/Documents/workspace-spring-tool-suite-4-4.21.0.RELEASE/hibernate-first-project/Users/abhisheksable/.m2/respository/jakarta/activation/jakarta.activation-api/2.1.0/jakarta.activation-api-2.1.0.jar:/Users/abhisheksable/Documents/workspace-spring-tool-suite-4-4.21.0.RELEASE/hibernate-first-project/Users/abhisheksable/.m2/respository/org/glassfish/jaxb/jaxb-runtime/4.0.2/jaxb-runtime-4.0.2.jar:/Users/abhisheksable/Documents/workspace-spring-tool-suite-4-4.21.0.RELEASE/hibernate-first-project/Users/abhisheksable/.m2/respository/org/glassfish/jaxb/jaxb-core/4.0.2/jaxb-core-4.0.2.jar:/Users/abhisheksable/Documents/workspace-spring-tool-suite-4-4.21.0.RELEASE/hibernate-first-project/Users/abhisheksable/.m2/respository/org/eclipse/angus/angus-activation/2.0.0/angus-activation-2.0.0.jar:/Users/abhisheksable/Documents/workspace-spring-tool-suite-4-4.21.0.RELEASE/hibernate-first-project/Users/abhisheksable/.m2/respository/org/glassfish/jaxb/txw2/4.0.2/txw2-4.0.2.jar:/Users/abhisheksable/Documents/workspace-spring-tool-suite-4-4.21.0.RELEASE/hibernate-first-project/Users/abhisheksable/.m2/respository/com/sun/istack/istack-commons-runtime/4.1.1/istack-commons-runtime-4.1.1.jar:/Users/abhisheksable/Documents/workspace-spring-tool-suite-4-4.21.0.RELEASE/hibernate-first-project/Users/abhisheksable/.m2/respository/jakarta/inject/jakarta.inject-api/2.0.1/jakarta.inject-api-2.0.1.jar:/Users/abhisheksable/Documents/workspace-spring-tool-suite-4-4.21.0.RELEASE/hibernate-first-project/Users/abhisheksable/.m2/respository/org/antlr/antlr4-runtime/4.13.0/antlr4-runtime-4.13.0.jar:/Users/abhisheksable/Documents/workspace-spring-tool-suite-4-4.21.0.RELEASE/hibernate-first-project/Users/abhisheksable/.m2/respository/com/mysql/mysql-connector-j/9.1.0/mysql-connector-j-9.1.0.jar:/Users/abhisheksable/Documents/workspace-spring-tool-suite-4-4.21.0.RELEASE/hibernate-first-project/Users/abhisheksable/.m2/respository/com/google/protobuf/protobuf-java/4.26.1/protobuf-java-4.26.1.jar:/Users/abhisheksable/Documents/workspace-spring-tool-suite-4-4.21.0.RELEASE/hibernate-first-project/Users/abhisheksable/.m2/respository/log4j/log4j/1.2.17/log4j-1.2.17.jar:/Users/abhisheksable/Documents/workspace-spring-tool-suite-4-4.21.0.RELEASE/hibernate-first-project/Users/abhisheksable/.m2/respository/org/jboss/logging/jboss-logging/3.3.2.Final/jboss-logging-3.3.2.Final.jar:/Users/abhisheksable/Documents/workspace-spring-tool-suite-4-4.21.0.RELEASE/hibernate-first-project/Users/abhisheksable/.m2/respository/junit/junit/3.8.1/junit-3.8.1.jar:"/>
    <property name="sun.cpu.endian" value="little"/>
    <property name="user.home" value="/Users/abhisheksable"/>
    <property name="user.language" value="en"/>
    <property name="java.specification.vendor" value="Oracle Corporation"/>
    <property name="java.version.date" value="2023-10-17"/>
    <property name="java.home" value="/Applications/SpringToolSuite4.app/Contents/Eclipse/plugins/org.eclipse.justj.openjdk.hotspot.jre.full.macosx.aarch64_17.0.9.v20231028-0858/jre"/>
    <property name="file.separator" value="/"/>
    <property name="style.color" value="always"/>
    <property name="basedir" value="/Users/abhisheksable/Documents/workspace-spring-tool-suite-4-4.21.0.RELEASE/hibernate-first-project"/>
    <property name="java.vm.compressedOopsMode" value="Zero based"/>
    <property name="line.separator" value="&#10;"/>
    <property name="java.vm.specification.vendor" value="Oracle Corporation"/>
    <property name="java.specification.name" value="Java Platform API Specification"/>
    <property name="surefire.real.class.path" value="/Users/abhisheksable/Documents/workspace-spring-tool-suite-4-4.21.0.RELEASE/hibernate-first-project/target/surefire/surefirebooter-20241205162732091_3.jar"/>
    <property name="sun.management.compiler" value="HotSpot 64-Bit Tiered Compilers"/>
    <property name="ftp.nonProxyHosts" value="local|*.local|169.254/16|*.169.254/16"/>
    <property name="java.runtime.version" value="17.0.9+9"/>
    <property name="user.name" value="abhisheksable"/>
    <property name="path.separator" value=":"/>
    <property name="os.version" value="15.0.1"/>
    <property name="java.runtime.name" value="OpenJDK Runtime Environment"/>
    <property name="file.encoding" value="UTF-8"/>
    <property name="java.vm.name" value="OpenJDK 64-Bit Server VM"/>
    <property name="java.vendor.version" value="Temurin-17.0.9+9"/>
    <property name="localRepository" value="/Users/abhisheksable/Documents/workspace-spring-tool-suite-4-4.21.0.RELEASE/hibernate-first-project/Users/abhisheksable/.m2/respository"/>
    <property name="java.vendor.url.bug" value="https://github.com/adoptium/adoptium-support/issues"/>
    <property name="java.io.tmpdir" value="/var/folders/fv/dd838fq17k15cr_vhnvmlhyh0000gn/T/"/>
    <property name="java.version" value="17.0.9"/>
    <property name="user.dir" value="/Users/abhisheksable/Documents/workspace-spring-tool-suite-4-4.21.0.RELEASE/hibernate-first-project"/>
    <property name="os.arch" value="aarch64"/>
    <property name="java.vm.specification.name" value="Java Virtual Machine Specification"/>
    <property name="native.encoding" value="UTF-8"/>
    <property name="java.library.path" value="/Users/abhisheksable/Library/Java/Extensions:/Library/Java/Extensions:/Network/Library/Java/Extensions:/System/Library/Java/Extensions:/usr/lib/java:."/>
    <property name="java.vm.info" value="mixed mode"/>
    <property name="java.vendor" value="Eclipse Adoptium"/>
    <property name="java.vm.version" value="17.0.9+9"/>
    <property name="sun.io.unicode.encoding" value="UnicodeBig"/>
    <property name="socksNonProxyHosts" value="local|*.local|169.254/16|*.169.254/16"/>
    <property name="java.class.version" value="61.0"/>
  </properties>
  <testcase name="testApp" classname="com.abhi.hibernate.AppTest" time="0.0"/>
</testsuite>